bga121n40p11x11_500x500x100b25,bga121n40p11x11_500x500x100b25
bga121n50p11x11_600x600x100b25,bga121n50p11x11_600x600x100b25
bga121n80p11x11_900x900x110b40,bga121n80p11x11_900x900x110b40
bga132n50p14x14_800x800x100b30,bga132n50p14x14_800x800x100b30
bga225n40p15x15_700x700x100b25,bga225n40p15x15_700x700x100b25
bga256n80p16x16_1400x1400x170b45,bga256n80p16x16_1400x1400x170b45
bga36n40p6x6_250x250x100b25,bga36n40p6x6_250x250x100b25
bga49n40p7x7_300x300x100b25,bga49n40p7x7_300x300x100b25
bga81n40p9x9_400x400x100b25,bga81n40p9x9_400x400x100b25
lqfp50p2200x2200x140-144,lqfp50p2200x2200x140-144
none,none
package_bga:bga-121_9.0x9.0mm_layout11x11_p0.8mm_ball0.4mm_pad0.35mm_nsmd,none
package_bga:bga-144_13.0x13.0mm_layout12x12_p1.0mm,none
package_bga:bga-624_21.0x21.0mm_layout25x25_p0.8mm,none
package_bga:fbga-78_7.5x11mm_layout2x3x13_p0.8mm,none
package_bga:lfbga-100_10x10mm_layout10x10_p0.8mm,none
package_bga:lfbga-144_10x10mm_layout12x12_p0.8mm,none
package_bga:tfbga-100_8x8mm_layout10x10_p0.8mm,none
package_bga:tfbga-100_9.0x9.0mm_layout10x10_p0.8mm,none
package_bga:tfbga-216_13x13mm_layout15x15_p0.8mm,none
package_bga:tfbga-265_14x14mm_layout17x17_p0.8mm,none
package_bga:tfbga-64_5x5mm_layout8x8_p0.5mm,none
package_bga:ufbga-100_7x7mm_layout12x12_p0.5mm,none
package_bga:ufbga-132_7x7mm_layout12x12_p0.5mm,none
package_bga:ufbga-144_10x10mm_layout12x12_p0.8mm,none
package_bga:ufbga-144_7x7mm_layout12x12_p0.5mm,none
package_bga:ufbga-15_3.0x3.0mm_layout4x4_p0.65mm,none
package_bga:ufbga-169_7x7mm_layout13x13_p0.5mm,none
package_bga:ufbga-201_10x10mm_layout15x15_p0.65mm,none
package_bga:ufbga-32_4.0x4.0mm_layout6x6_p0.5mm,none
package_bga:ufbga-64_5x5mm_layout8x8_p0.5mm,none
package_bga:vfbga-100_7.0x7.0mm_layout10x10_p0.65mm,none
package_bga:vfbga-49_5.0x5.0mm_layout7x7_p0.65mm,none
package_bga:xbga-121_10x10mm_layout11x11_p0.8mm,none
package_bga:xfbga-121_8x8mm_layout11x11_p0.65mm,none
package_bga:xfbga-36_3.5x3.5mm_layout6x6_p0.5mm,none
package_bga:xfbga-64_5.0x5.0mm_layout8x8_p0.5mm,none
package_csp:st_wlcsp-100_die422,none
package_csp:st_wlcsp-100_die446,none
package_csp:st_wlcsp-100_die452,none
package_csp:st_wlcsp-100_die461,none
package_csp:st_wlcsp-104_die437,none
package_csp:st_wlcsp-143_die419,none
package_csp:st_wlcsp-143_die449,none
package_csp:st_wlcsp-144_die470,none
package_csp:st_wlcsp-168_die434,none
package_csp:st_wlcsp-180_die451,none
package_csp:st_wlcsp-25_die425,none
package_csp:st_wlcsp-25_die444,none
package_csp:st_wlcsp-25_die457,none
package_csp:st_wlcsp-36_die417,none
package_csp:st_wlcsp-36_die440,none
package_csp:st_wlcsp-36_die445,none
package_csp:st_wlcsp-36_die458,none
package_csp:st_wlcsp-49_die423,none
package_csp:st_wlcsp-49_die431,none
package_csp:st_wlcsp-49_die433,none
package_csp:st_wlcsp-49_die435,none
package_csp:st_wlcsp-49_die438,none
package_csp:st_wlcsp-49_die439,none
package_csp:st_wlcsp-49_die447,none
package_csp:st_wlcsp-49_die448,none
package_csp:st_wlcsp-63_die427,none
package_csp:st_wlcsp-64_die414,none
package_csp:st_wlcsp-64_die427,none
package_csp:st_wlcsp-64_die435,none
package_csp:st_wlcsp-64_die436,none
package_csp:st_wlcsp-64_die441,none
package_csp:st_wlcsp-64_die442,none
package_csp:st_wlcsp-64_die462,none
package_csp:st_wlcsp-66_die411,none
package_csp:st_wlcsp-66_die432,none
package_csp:st_wlcsp-72_die415,none
package_csp:st_wlcsp-81_die415,none
package_csp:st_wlcsp-81_die421,none
package_csp:st_wlcsp-81_die463,none
package_csp:st_wlcsp-90_die413,none
package_csp:wlcsp-12_1.403x1.555mm_p0.4mm_stagger,none
package_csp:wlcsp-16_4x4_b2.17x2.32mm_p0.5mm,none
package_csp:wlcsp-20_1.934x2.434mm_layout4x5_p0.4mm,none
package_csp:wlcsp-20_1.994x1.609mm_layout5x4_p0.4mm,none
package_csp:wlcsp-20_1.994x1.94mm_layout4x5_p0.4mm,none
package_csp:wlcsp-36_2.374x2.459mm_layout6x6_p0.35mm,none
package_csp:wlcsp-36_2.82x2.67mm_layout6x6_p0.4mm,none
package_csp:wlcsp-8_1.58x1.63x0.35mm_layout3x5_p0.35x0.4mm_ball0.25mm_pad0.25mm_nsmd,none
package_dfn_qfn:dfn-10-1ep_3x3mm_p0.5mm_ep1.75x2.7mm,none
package_dfn_qfn:dfn-8-1ep_2x2mm_p0.5mm_ep0.9x1.5mm,none
package_dfn_qfn:dfn-8-1ep_2x3mm_p0.5mm_ep0.61x2.2mm,none
package_dfn_qfn:dfn-8-1ep_3x2mm_p0.5mm_ep1.3x1.5mm,none
package_dfn_qfn:dfn-8-1ep_3x2mm_p0.5mm_ep1.75x1.45mm,none
package_dfn_qfn:dfn-8-1ep_4x4mm_p0.8mm_ep2.5x3.6mm,none
package_dfn_qfn:dfn-s-8-1ep_6x5mm_p1.27mm,none
package_dfn_qfn:microchip_drqfn-44-1ep_5x5mm_p0.7mm_ep2.65x2.65mm,none
package_dfn_qfn:microchip_drqfn-64-1ep_7x7mm_p0.65mm_ep4.1x4.1mm,none
package_dfn_qfn:mlf-20-1ep_4x4mm_p0.5mm_ep2.6x2.6mm,none
package_dfn_qfn:qfn-16-1ep_3x3mm_p0.5mm_ep1.9x1.9mm,none
package_dfn_qfn:qfn-20-1ep_3x3mm_p0.45mm_ep1.6x1.6mm,none
package_dfn_qfn:qfn-20-1ep_4x4mm_p0.5mm_ep2.5x2.5mm,none
package_dfn_qfn:qfn-20-1ep_4x4mm_p0.5mm_ep2.6x2.6mm,none
package_dfn_qfn:qfn-24-1ep_4x4mm_p0.5mm_ep2.6x2.6mm,none
package_dfn_qfn:qfn-24-1ep_5x5mm_p0.65mm_ep3.6x3.6mm,none
package_dfn_qfn:qfn-28-1ep_4x4mm_p0.45mm_ep2.4x2.4mm,none
package_dfn_qfn:qfn-28-1ep_6x6mm_p0.65mm_ep4.25x4.25mm,none
package_dfn_qfn:qfn-28_4x4mm_p0.5mm,none
package_dfn_qfn:qfn-32-1ep_4x4mm_p0.4mm_ep2.9x2.9mm,none
package_dfn_qfn:qfn-32-1ep_5x5mm_p0.5mm_ep3.1x3.1mm,none
package_dfn_qfn:qfn-32-1ep_5x5mm_p0.5mm_ep3.1x3.1mm_thermalvias,none
package_dfn_qfn:qfn-32-1ep_5x5mm_p0.5mm_ep3.45x3.45mm,none
package_dfn_qfn:qfn-32-1ep_5x5mm_p0.5mm_ep3.6x3.6mm,none
package_dfn_qfn:qfn-32-1ep_7x7mm_p0.65mm_ep4.65x4.65mm,none
package_dfn_qfn:qfn-32-1ep_7x7mm_p0.65mm_ep4.7x4.7mm_thermalvias,none
package_dfn_qfn:qfn-36-1ep_6x6mm_p0.5mm_ep4.1x4.1mm,none
package_dfn_qfn:qfn-44-1ep_7x7mm_p0.5mm_ep5.2x5.2mm,none
package_dfn_qfn:qfn-44-1ep_8x8mm_p0.65mm_ep6.45x6.45mm,none
package_dfn_qfn:qfn-48-1ep_7x7mm_p0.5mm_ep5.15x5.15mm,none
package_dfn_qfn:qfn-48-1ep_7x7mm_p0.5mm_ep5.6x5.6mm,none
package_dfn_qfn:qfn-64-1ep_9x9mm_p0.5mm_ep4.7x4.7mm,none
package_dfn_qfn:qfn-64-1ep_9x9mm_p0.5mm_ep5.4x5.4mm,none
package_dfn_qfn:qfn-64-1ep_9x9mm_p0.5mm_ep7.5x7.5mm,none
package_dfn_qfn:qfn-64-1ep_9x9mm_p0.5mm_ep7.65x7.65mm,none
package_dfn_qfn:st_ufqfpn-20_3x3mm_p0.5mm,none
package_dfn_qfn:uqfn-16-1ep_4x4mm_p0.65mm_ep2.6x2.6mm,none
package_dfn_qfn:uqfn-20-1ep_4x4mm_p0.5mm_ep2.8x2.8mm,none
package_dfn_qfn:uqfn-48-1ep_6x6mm_p0.4mm_ep4.62x4.62mm,none
package_dfn_qfn:vqfn-20-1ep_3x3mm_p0.45mm_ep1.55x1.55mm,none
package_dfn_qfn:vqfn-20-1ep_3x3mm_p0.4mm_ep1.7x1.7mm,none
package_dip:dip-14_w7.62mm,7.62-14pin-d0.8
package_dip:dip-16_w7.62mm,7.62-16pin-d0.8
package_dip:dip-20_w7.62mm,7.62-20pin-d0.8
package_dip:dip-28_w15.24mm,15.24-28pin-d0.8
package_dip:dip-28_w7.62mm,7.62-28pin-d0.8
package_dip:dip-32_w15.24mm,15.24-32pin-d0.8
package_dip:dip-40_w15.24mm,15.24-40pin-d0.8
package_dip:dip-8_w7.62mm,7.62-8pin-d0.8
package_lcc:plcc-32_11.4x14.0mm_p1.27mm,none
package_lcc:plcc-44,none
package_lcc:plcc-68,none
package_qfp:lqfp-100_14x14mm_p0.5mm,none
package_qfp:lqfp-144_20x20mm_p0.5mm,none
package_qfp:lqfp-176_24x24mm_p0.5mm,none
package_qfp:lqfp-208_28x28mm_p0.5mm,none
package_qfp:lqfp-32_7x7mm_p0.8mm,none
package_qfp:lqfp-44_10x10mm_p0.8mm,none
package_qfp:lqfp-48_7x7mm_p0.5mm,none
package_qfp:lqfp-64_10x10mm_p0.5mm,none
package_qfp:lqfp-64_14x14mm_p0.8mm,none
package_qfp:lqfp-80_12x12mm_p0.5mm,none
package_qfp:pqfp-132_24x24mm_p0.635mm,none
package_qfp:tqfp-100_12x12mm_p0.4mm,none
package_qfp:tqfp-100_14x14mm_p0.5mm,none
package_qfp:tqfp-144_20x20mm_p0.5mm,none
package_qfp:tqfp-32_7x7mm_p0.8mm,none
package_qfp:tqfp-44_10x10mm_p0.8mm,none
package_qfp:tqfp-48-1ep_7x7mm_p0.5mm_ep3.5x3.5mm,none
package_qfp:tqfp-48_7x7mm_p0.5mm,none
package_qfp:tqfp-64_10x10mm_p0.5mm,none
package_qfp:tqfp-64_14x14mm_p0.8mm,none
package_qfp:tqfp-80_12x12mm_p0.5mm,none
package_qfp:tqfp-80_14x14mm_p0.65mm,none
package_so:so-8_3.9x4.9mm_p1.27mm,none
package_so:soic-14_3.9x8.7mm_p1.27mm,none
package_so:soic-16w_7.5x10.3mm_p1.27mm,none
package_so:soic-18w_7.5x11.6mm_p1.27mm,none
package_so:soic-20w_7.5x12.8mm_p1.27mm,none
package_so:soic-24w_7.5x15.4mm_p1.27mm,none
package_so:soic-28w_7.5x17.9mm_p1.27mm,none
package_so:soic-28w_8.7x18.25mm_p1.27mm,none
package_so:soic-8_3.9x4.9mm_p1.27mm,none
package_so:soic-8_5.23x5.23mm_p1.27mm,none
package_so:soic-8_5.275x5.275mm_p1.27mm,none
package_so:soij-8_5.3x5.3mm_p1.27mm,none
package_so:soj-36_10.16x23.49mm_p1.27mm,none
package_so:sop-8_3.9x4.9mm_p1.27mm,none
package_so:sop-8_5.28x5.23mm_p1.27mm,none
package_so:ssop-20_5.3x7.2mm_p0.65mm,none
package_so:ssop-28_5.3x10.2mm_p0.65mm,none
package_so:ssop-32_11.305x20.495mm_p1.27mm,none
package_so:tsop-28_11.8x8mm_p0.55mm,none
package_so:tsop-i-32_11.8x8mm_p0.5mm,none
package_so:tsop-i-48_18.4x12mm_p0.5mm,none
package_so:tsop-ii-32_21.0x10.2mm_p1.27mm,none
package_so:tsop-ii-44_10.16x18.41mm_p0.8mm,none
package_so:tsop-ii-54_10.16x22.22mm_p0.8mm,none
package_so:tssop-14_4.4x5mm_p0.65mm,none
package_so:tssop-16_4.4x5mm_p0.65mm,none
package_so:tssop-20_4.4x6.5mm_p0.65mm,none
package_so:tssop-28_4.4x9.7mm_p0.65mm,none
package_so:tssop-8_4.4x3mm_p0.65mm,none
package_so_j-lead:tsoc-6_3.76x3.94mm_p1.27mm,none
package_son:nxp_xson-16,none
package_son:wson-8-1ep_6x5mm_p1.27mm_ep3.4x4.3mm,none
package_son:wson-8-1ep_6x5mm_p1.27mm_ep3.4x4mm,none
package_to_sot_smd:sot-223,none
package_to_sot_smd:sot-23-5,none
package_to_sot_smd:sot-23-6,none
psop-44,none
tsopii-54,none
~,none
